<?xml version="1.0" encoding="UTF-8"?>
<!-- Generated by org.testng.reporters.JUnitXMLReporter -->
<testsuite hostname="LAPTOP-94C2BHM7" ignored="0" name="ROC_Test_Cases" tests="7" failures="0" timestamp="22 Jul 2020 11:09:59 GMT" time="187.205" errors="0">
  <testcase name="loginPageTitleTest" time="0.016" classname="com.roc.qa.testcases.LoginPageTest"/>
  <testcase name="HomePageTitleTest" time="0.014" classname="com.roc.qa.testcases.HomePageTest"/>
  <testcase name="loginTest" time="17.752" classname="com.roc.qa.testcases.LoginPageTest"/>
  <testcase name="LoginUserTest" time="0.089" classname="com.roc.qa.testcases.HomePageTest"/>
  <testcase name="TaskSearchPageTest" time="1.814" classname="com.roc.qa.testcases.HomePageTest"/>
  <testcase name="CollectedFilesTest" time="1.004" classname="com.roc.qa.testcases.HomePageTest"/>
  <testcase name="ExportButtonUnderTaskSummaryTest" time="8.153" classname="com.roc.qa.testcases.HomePageTest"/>
</testsuite> <!-- ROC_Test_Cases -->
