<?xml version="1.0" encoding="UTF-8"?>
<!-- Generated by org.testng.reporters.JUnitXMLReporter -->
<testsuite hostname="LAPTOP-94C2BHM7" ignored="0" name="ROC_Test_Cases" tests="6" failures="0" timestamp="10 Jul 2020 09:27:14 GMT" time="163.756" errors="0">
  <testcase name="loginPageTitleTest" time="0.025" classname="com.roc.qa.testcases.LoginPageTest"/>
  <testcase name="HomePageTitleTest" time="0.013" classname="com.roc.qa.testcases.HomePageTest"/>
  <testcase name="loginTest" time="18.019" classname="com.roc.qa.testcases.LoginPageTest"/>
  <testcase name="LoginUserTest" time="0.2" classname="com.roc.qa.testcases.HomePageTest"/>
  <testcase name="TaskSearchPageTest" time="1.49" classname="com.roc.qa.testcases.HomePageTest"/>
  <testcase name="CollectedFilesTest" time="1.081" classname="com.roc.qa.testcases.HomePageTest"/>
</testsuite> <!-- ROC_Test_Cases -->
